INFO:werkzeug:[31m[1mWARNING: This is a development server. Do not use it in a production deployment. Use a production WSGI server instead.[0m
 * Running on http://127.0.0.1:5000
INFO:werkzeug:[33mPress CTRL+C to quit[0m
INFO:werkzeug:[31m[1mWARNING: This is a development server. Do not use it in a production deployment. Use a production WSGI server instead.[0m
 * Running on http://127.0.0.1:5000
INFO:werkzeug:[33mPress CTRL+C to quit[0m
INFO:werkzeug: * Restarting with stat
WARNING:werkzeug: * Debugger is active!
INFO:werkzeug: * Debugger PIN: 675-698-794
INFO:werkzeug:127.0.0.1 - - [24/Nov/2022 00:01:57] "OPTIONS /api/v1/auth/login HTTP/1.1" 200 -
INFO:app:JL logged in successfully
INFO:werkzeug:127.0.0.1 - - [24/Nov/2022 00:01:57] "POST /api/v1/auth/login HTTP/1.1" 200 -
INFO:werkzeug:127.0.0.1 - - [24/Nov/2022 00:02:50] "OPTIONS /api/v1/auth/login HTTP/1.1" 200 -
INFO:app:JL logged in successfully
INFO:werkzeug:127.0.0.1 - - [24/Nov/2022 00:02:50] "POST /api/v1/auth/login HTTP/1.1" 200 -
INFO:app:JL logged in successfully
INFO:werkzeug:127.0.0.1 - - [24/Nov/2022 00:08:44] "POST /api/v1/auth/login HTTP/1.1" 200 -
INFO:werkzeug:127.0.0.1 - - [24/Nov/2022 00:08:44] "[33mGET /api/v1/auth/user HTTP/1.1[0m" 404 -
INFO:app:JL logged in successfully
INFO:werkzeug:127.0.0.1 - - [24/Nov/2022 00:10:15] "POST /api/v1/auth/login HTTP/1.1" 200 -
INFO:werkzeug:127.0.0.1 - - [24/Nov/2022 00:10:15] "[33mGET /api/v1/auth/user HTTP/1.1[0m" 404 -
INFO:werkzeug:[31m[1mWARNING: This is a development server. Do not use it in a production deployment. Use a production WSGI server instead.[0m
 * Running on http://127.0.0.1:5000
INFO:werkzeug:[33mPress CTRL+C to quit[0m
INFO:werkzeug: * Restarting with stat
WARNING:werkzeug: * Debugger is active!
INFO:werkzeug: * Debugger PIN: 369-574-892
INFO:app:JL logged in successfully
INFO:werkzeug:127.0.0.1 - - [25/Nov/2022 11:07:40] "POST /api/v1/auth/login HTTP/1.1" 200 -
INFO:app:JL logged in successfully
INFO:werkzeug:127.0.0.1 - - [25/Nov/2022 11:08:00] "POST /api/v1/auth/login HTTP/1.1" 200 -
INFO:werkzeug:127.0.0.1 - - [25/Nov/2022 11:08:00] "[33mOPTIONS /api/v1/auth/user HTTP/1.1[0m" 404 -
INFO:app:JL logged in successfully
INFO:werkzeug:127.0.0.1 - - [25/Nov/2022 11:09:07] "POST /api/v1/auth/login HTTP/1.1" 200 -
INFO:werkzeug:127.0.0.1 - - [25/Nov/2022 11:09:07] "[33mOPTIONS /api/v1/auth/user HTTP/1.1[0m" 404 -
INFO:werkzeug:127.0.0.1 - - [25/Nov/2022 11:10:01] "OPTIONS /api/v1/auth/login HTTP/1.1" 200 -
INFO:app:JL logged in successfully
INFO:werkzeug:127.0.0.1 - - [25/Nov/2022 11:10:01] "POST /api/v1/auth/login HTTP/1.1" 200 -
INFO:werkzeug:127.0.0.1 - - [25/Nov/2022 11:10:01] "[33mOPTIONS /api/v1/auth/user HTTP/1.1[0m" 404 -
INFO:app:JL logged in successfully
INFO:werkzeug:127.0.0.1 - - [25/Nov/2022 11:10:44] "POST /api/v1/auth/login HTTP/1.1" 200 -
INFO:werkzeug: * Detected change in '/home/daniel/Documents/CS/Projects/RaT/RaT2.0/server/app.py', reloading
INFO:werkzeug: * Restarting with stat
INFO:werkzeug: * Restarting with stat
INFO:werkzeug:[31m[1mWARNING: This is a development server. Do not use it in a production deployment. Use a production WSGI server instead.[0m
 * Running on http://127.0.0.1:5000
INFO:werkzeug:[33mPress CTRL+C to quit[0m
INFO:werkzeug: * Restarting with stat
WARNING:werkzeug: * Debugger is active!
INFO:werkzeug: * Debugger PIN: 124-257-837
INFO:werkzeug: * Detected change in '/home/daniel/Documents/CS/Projects/RaT/RaT2.0/server/app.py', reloading
INFO:werkzeug: * Restarting with stat
WARNING:werkzeug: * Debugger is active!
INFO:werkzeug: * Debugger PIN: 124-257-837
INFO:werkzeug: * Detected change in '/home/daniel/Documents/CS/Projects/RaT/RaT2.0/server/app.py', reloading
INFO:werkzeug: * Restarting with stat
WARNING:werkzeug: * Debugger is active!
INFO:werkzeug: * Debugger PIN: 124-257-837
INFO:werkzeug: * Detected change in '/home/daniel/Documents/CS/Projects/RaT/RaT2.0/server/app.py', reloading
INFO:werkzeug: * Restarting with stat
WARNING:werkzeug: * Debugger is active!
INFO:werkzeug: * Debugger PIN: 124-257-837
INFO:werkzeug: * Detected change in '/home/daniel/Documents/CS/Projects/RaT/RaT2.0/server/app.py', reloading
INFO:werkzeug: * Restarting with stat
WARNING:werkzeug: * Debugger is active!
INFO:werkzeug: * Debugger PIN: 124-257-837
INFO:werkzeug: * Detected change in '/home/daniel/Documents/CS/Projects/RaT/RaT2.0/server/app.py', reloading
INFO:werkzeug: * Restarting with stat
WARNING:werkzeug: * Debugger is active!
INFO:werkzeug: * Debugger PIN: 124-257-837
INFO:werkzeug: * Detected change in '/home/daniel/Documents/CS/Projects/RaT/RaT2.0/server/app.py', reloading
INFO:werkzeug: * Restarting with stat
WARNING:werkzeug: * Debugger is active!
INFO:werkzeug: * Debugger PIN: 124-257-837
INFO:werkzeug: * Detected change in '/home/daniel/Documents/CS/Projects/RaT/RaT2.0/server/app.py', reloading
INFO:werkzeug: * Restarting with stat
WARNING:werkzeug: * Debugger is active!
INFO:werkzeug: * Debugger PIN: 124-257-837
INFO:werkzeug: * Detected change in '/home/daniel/Documents/CS/Projects/RaT/RaT2.0/server/app.py', reloading
INFO:werkzeug: * Restarting with stat
WARNING:werkzeug: * Debugger is active!
INFO:werkzeug: * Debugger PIN: 124-257-837
INFO:werkzeug: * Detected change in '/home/daniel/Documents/CS/Projects/RaT/RaT2.0/server/app.py', reloading
INFO:werkzeug: * Restarting with stat
WARNING:werkzeug: * Debugger is active!
INFO:werkzeug: * Debugger PIN: 124-257-837
INFO:werkzeug: * Detected change in '/home/daniel/Documents/CS/Projects/RaT/RaT2.0/server/app.py', reloading
INFO:werkzeug: * Restarting with stat
WARNING:werkzeug: * Debugger is active!
INFO:werkzeug: * Debugger PIN: 124-257-837
INFO:werkzeug: * Detected change in '/home/daniel/Documents/CS/Projects/RaT/RaT2.0/server/app.py', reloading
INFO:werkzeug: * Restarting with stat
WARNING:werkzeug: * Debugger is active!
INFO:werkzeug: * Debugger PIN: 124-257-837
INFO:werkzeug: * Detected change in '/home/daniel/Documents/CS/Projects/RaT/RaT2.0/server/app.py', reloading
INFO:werkzeug: * Restarting with stat
WARNING:werkzeug: * Debugger is active!
INFO:werkzeug: * Debugger PIN: 124-257-837
INFO:werkzeug: * Detected change in '/home/daniel/Documents/CS/Projects/RaT/RaT2.0/server/app.py', reloading
INFO:werkzeug: * Restarting with stat
INFO:werkzeug:[31m[1mWARNING: This is a development server. Do not use it in a production deployment. Use a production WSGI server instead.[0m
 * Running on http://127.0.0.1:5000
INFO:werkzeug:[33mPress CTRL+C to quit[0m
INFO:werkzeug: * Restarting with stat
WARNING:werkzeug: * Debugger is active!
INFO:werkzeug: * Debugger PIN: 124-257-837
INFO:werkzeug:127.0.0.1 - - [25/Nov/2022 11:53:38] "POST /api/v1/auth/register HTTP/1.1" 200 -
INFO:werkzeug: * Detected change in '/home/daniel/Documents/CS/Projects/RaT/RaT2.0/server/app.py', reloading
INFO:werkzeug: * Restarting with stat
WARNING:werkzeug: * Debugger is active!
INFO:werkzeug: * Debugger PIN: 124-257-837
INFO:werkzeug: * Detected change in '/home/daniel/Documents/CS/Projects/RaT/RaT2.0/server/app.py', reloading
INFO:werkzeug: * Restarting with stat
WARNING:werkzeug: * Debugger is active!
INFO:werkzeug: * Debugger PIN: 124-257-837
INFO:werkzeug: * Detected change in '/home/daniel/Documents/CS/Projects/RaT/RaT2.0/server/app.py', reloading
INFO:werkzeug: * Restarting with stat
WARNING:werkzeug: * Debugger is active!
INFO:werkzeug: * Debugger PIN: 124-257-837
INFO:werkzeug: * Detected change in '/home/daniel/Documents/CS/Projects/RaT/RaT2.0/server/app.py', reloading
INFO:werkzeug: * Restarting with stat
WARNING:werkzeug: * Debugger is active!
INFO:werkzeug: * Debugger PIN: 124-257-837
INFO:werkzeug:[31m[1mWARNING: This is a development server. Do not use it in a production deployment. Use a production WSGI server instead.[0m
 * Running on http://127.0.0.1:5000
INFO:werkzeug:[33mPress CTRL+C to quit[0m
INFO:werkzeug: * Restarting with stat
WARNING:werkzeug: * Debugger is active!
INFO:werkzeug: * Debugger PIN: 124-257-837
INFO:app:JL logged in successfully
INFO:app:JL failed to log in
INFO:werkzeug:127.0.0.1 - - [25/Nov/2022 11:54:35] "[35m[1mPOST /api/v1/auth/login HTTP/1.1[0m" 500 -
INFO:werkzeug:[31m[1mWARNING: This is a development server. Do not use it in a production deployment. Use a production WSGI server instead.[0m
 * Running on http://127.0.0.1:5000
INFO:werkzeug:[33mPress CTRL+C to quit[0m
INFO:werkzeug: * Restarting with stat
WARNING:werkzeug: * Debugger is active!
INFO:werkzeug: * Debugger PIN: 124-257-837
INFO:app:JL logged in successfully
INFO:app:JL failed to log in
INFO:werkzeug:127.0.0.1 - - [25/Nov/2022 11:55:51] "[35m[1mPOST /api/v1/auth/login HTTP/1.1[0m" 500 -
INFO:werkzeug: * Detected change in '/home/daniel/Documents/CS/Projects/RaT/RaT2.0/server/app.py', reloading
INFO:werkzeug: * Restarting with stat
WARNING:werkzeug: * Debugger is active!
INFO:werkzeug: * Debugger PIN: 124-257-837
INFO:werkzeug:[31m[1mWARNING: This is a development server. Do not use it in a production deployment. Use a production WSGI server instead.[0m
 * Running on http://127.0.0.1:5000
INFO:werkzeug:[33mPress CTRL+C to quit[0m
INFO:werkzeug: * Restarting with stat
WARNING:werkzeug: * Debugger is active!
INFO:werkzeug: * Debugger PIN: 124-257-837
INFO:app:JL logged in successfully
INFO:app:JL failed to log in
INFO:werkzeug:127.0.0.1 - - [25/Nov/2022 11:58:23] "[35m[1mPOST /api/v1/auth/login HTTP/1.1[0m" 500 -
INFO:werkzeug:[31m[1mWARNING: This is a development server. Do not use it in a production deployment. Use a production WSGI server instead.[0m
 * Running on http://127.0.0.1:5000
INFO:werkzeug:[33mPress CTRL+C to quit[0m
INFO:werkzeug: * Restarting with stat
WARNING:werkzeug: * Debugger is active!
INFO:werkzeug: * Debugger PIN: 142-982-632
INFO:werkzeug: * Detected change in '/home/daniel/Documents/CS/Projects/RaT/RaT2.0/server/app.py', reloading
INFO:werkzeug: * Restarting with stat
WARNING:werkzeug: * Debugger is active!
INFO:werkzeug: * Debugger PIN: 142-982-632
INFO:werkzeug: * Detected change in '/home/daniel/Documents/CS/Projects/RaT/RaT2.0/server/app.py', reloading
INFO:werkzeug: * Restarting with stat
WARNING:werkzeug: * Debugger is active!
INFO:werkzeug: * Debugger PIN: 142-982-632
INFO:werkzeug: * Detected change in '/home/daniel/Documents/CS/Projects/RaT/RaT2.0/server/app.py', reloading
INFO:werkzeug: * Restarting with stat
INFO:werkzeug:[31m[1mWARNING: This is a development server. Do not use it in a production deployment. Use a production WSGI server instead.[0m
 * Running on http://127.0.0.1:5000
INFO:werkzeug:[33mPress CTRL+C to quit[0m
INFO:werkzeug: * Restarting with stat
WARNING:werkzeug: * Debugger is active!
INFO:werkzeug: * Debugger PIN: 142-982-632
INFO:app:JL logged in successfully
INFO:app:JL failed to log in
INFO:werkzeug:127.0.0.1 - - [27/Nov/2022 00:11:56] "[35m[1mPOST /api/v1/auth/login HTTP/1.1[0m" 500 -
INFO:werkzeug: * Detected change in '/home/daniel/Documents/CS/Projects/RaT/RaT2.0/server/app.py', reloading
INFO:werkzeug: * Restarting with stat
INFO:werkzeug:[31m[1mWARNING: This is a development server. Do not use it in a production deployment. Use a production WSGI server instead.[0m
 * Running on http://127.0.0.1:5000
INFO:werkzeug:[33mPress CTRL+C to quit[0m
INFO:werkzeug: * Restarting with stat
WARNING:werkzeug: * Debugger is active!
INFO:werkzeug: * Debugger PIN: 142-982-632
INFO:app:JL logged in successfully
INFO:app:JL failed to log in
INFO:werkzeug:127.0.0.1 - - [27/Nov/2022 00:12:34] "[35m[1mPOST /api/v1/auth/login HTTP/1.1[0m" 500 -
INFO:werkzeug: * Detected change in '/home/daniel/Documents/CS/Projects/RaT/RaT2.0/server/app.py', reloading
INFO:werkzeug: * Restarting with stat
INFO:werkzeug:[31m[1mWARNING: This is a development server. Do not use it in a production deployment. Use a production WSGI server instead.[0m
 * Running on http://127.0.0.1:5000
INFO:werkzeug:[33mPress CTRL+C to quit[0m
INFO:werkzeug: * Restarting with stat
WARNING:werkzeug: * Debugger is active!
INFO:werkzeug: * Debugger PIN: 142-982-632
INFO:app:JL logged in successfully
INFO:app:JL failed to log in
INFO:werkzeug:127.0.0.1 - - [27/Nov/2022 00:17:30] "[35m[1mPOST /api/v1/auth/login HTTP/1.1[0m" 500 -
INFO:werkzeug: * Detected change in '/home/daniel/Documents/CS/Projects/RaT/RaT2.0/server/app.py', reloading
INFO:werkzeug: * Restarting with stat
WARNING:werkzeug: * Debugger is active!
INFO:werkzeug: * Debugger PIN: 142-982-632
INFO:werkzeug:[31m[1mWARNING: This is a development server. Do not use it in a production deployment. Use a production WSGI server instead.[0m
 * Running on http://127.0.0.1:5000
INFO:werkzeug:[33mPress CTRL+C to quit[0m
INFO:werkzeug: * Restarting with stat
WARNING:werkzeug: * Debugger is active!
INFO:werkzeug: * Debugger PIN: 145-296-242
INFO:werkzeug:127.0.0.1 - - [27/Nov/2022 11:57:50] "OPTIONS /api/v1/auth/login HTTP/1.1" 200 -
INFO:app:JL logged in successfully
INFO:app:JL failed to log in
INFO:werkzeug:127.0.0.1 - - [27/Nov/2022 11:57:51] "[35m[1mPOST /api/v1/auth/login HTTP/1.1[0m" 500 -
INFO:werkzeug:[31m[1mWARNING: This is a development server. Do not use it in a production deployment. Use a production WSGI server instead.[0m
 * Running on http://127.0.0.1:5000
INFO:werkzeug:[33mPress CTRL+C to quit[0m
INFO:werkzeug: * Restarting with stat
WARNING:werkzeug: * Debugger is active!
INFO:werkzeug: * Debugger PIN: 145-296-242
INFO:werkzeug:127.0.0.1 - - [27/Nov/2022 12:03:41] "OPTIONS /api/v1/auth/login HTTP/1.1" 200 -
INFO:app:JL logged in successfully
INFO:werkzeug:127.0.0.1 - - [27/Nov/2022 12:03:41] "POST /api/v1/auth/login HTTP/1.1" 200 -
INFO:werkzeug:127.0.0.1 - - [27/Nov/2022 12:03:41] "[33mOPTIONS /api/v1/auth/user HTTP/1.1[0m" 404 -
INFO:werkzeug:[31m[1mWARNING: This is a development server. Do not use it in a production deployment. Use a production WSGI server instead.[0m
 * Running on http://127.0.0.1:5000
INFO:werkzeug:[33mPress CTRL+C to quit[0m
INFO:werkzeug: * Restarting with stat
WARNING:werkzeug: * Debugger is active!
INFO:werkzeug: * Debugger PIN: 145-296-242
INFO:werkzeug:127.0.0.1 - - [27/Nov/2022 12:07:04] "OPTIONS /api/v1/auth/login HTTP/1.1" 200 -
INFO:app:JL logged in successfully
INFO:app:JL failed to log in
INFO:werkzeug:127.0.0.1 - - [27/Nov/2022 12:07:04] "[35m[1mPOST /api/v1/auth/login HTTP/1.1[0m" 500 -
INFO:werkzeug: * Detected change in '/home/daniel/Documents/CS/Projects/RaT/RaT2.0/server/app.py', reloading
INFO:werkzeug: * Restarting with stat
INFO:werkzeug:[31m[1mWARNING: This is a development server. Do not use it in a production deployment. Use a production WSGI server instead.[0m
 * Running on http://127.0.0.1:5000
INFO:werkzeug:[33mPress CTRL+C to quit[0m
INFO:werkzeug: * Restarting with stat
WARNING:werkzeug: * Debugger is active!
INFO:werkzeug: * Debugger PIN: 941-865-772
INFO:werkzeug:[31m[1mWARNING: This is a development server. Do not use it in a production deployment. Use a production WSGI server instead.[0m
 * Running on http://127.0.0.1:5000
INFO:werkzeug:[33mPress CTRL+C to quit[0m
INFO:werkzeug: * Restarting with stat
WARNING:werkzeug: * Debugger is active!
INFO:werkzeug: * Debugger PIN: 941-865-772
INFO:app:JL logged in successfully
INFO:app:JL failed to log in
INFO:werkzeug:127.0.0.1 - - [29/Nov/2022 21:26:37] "[35m[1mPOST /api/v1/auth/login HTTP/1.1[0m" 500 -
INFO:werkzeug: * Detected change in '/home/daniel/Documents/CS/Projects/RaT/RaT2.0/server/app.py', reloading
INFO:werkzeug: * Restarting with stat
WARNING:werkzeug: * Debugger is active!
INFO:werkzeug: * Debugger PIN: 941-865-772
INFO:werkzeug: * Detected change in '/home/daniel/Documents/CS/Projects/RaT/RaT2.0/server/app.py', reloading
INFO:werkzeug: * Restarting with stat
WARNING:werkzeug: * Debugger is active!
INFO:werkzeug: * Debugger PIN: 941-865-772
INFO:werkzeug:[31m[1mWARNING: This is a development server. Do not use it in a production deployment. Use a production WSGI server instead.[0m
 * Running on http://127.0.0.1:5000
INFO:werkzeug:[33mPress CTRL+C to quit[0m
INFO:werkzeug: * Restarting with stat
WARNING:werkzeug: * Debugger is active!
INFO:werkzeug: * Debugger PIN: 941-865-772
INFO:app:JL logged in successfully
INFO:app:JL failed to log in
INFO:werkzeug:127.0.0.1 - - [29/Nov/2022 21:29:39] "[35m[1mPOST /api/v1/auth/login HTTP/1.1[0m" 500 -
INFO:werkzeug:[31m[1mWARNING: This is a development server. Do not use it in a production deployment. Use a production WSGI server instead.[0m
 * Running on http://127.0.0.1:5000
INFO:werkzeug:[33mPress CTRL+C to quit[0m
INFO:werkzeug: * Restarting with stat
WARNING:werkzeug: * Debugger is active!
INFO:werkzeug: * Debugger PIN: 941-865-772
INFO:app:JL logged in successfully
INFO:werkzeug:127.0.0.1 - - [29/Nov/2022 22:04:58] "POST /api/v1/auth/login HTTP/1.1" 200 -
INFO:werkzeug: * Detected change in '/home/daniel/Documents/CS/Projects/RaT/RaT2.0/server/app.py', reloading
INFO:werkzeug: * Restarting with stat
WARNING:werkzeug: * Debugger is active!
INFO:werkzeug: * Debugger PIN: 941-865-772
INFO:werkzeug: * Detected change in '/home/daniel/Documents/CS/Projects/RaT/RaT2.0/server/app.py', reloading
INFO:werkzeug: * Restarting with stat
WARNING:werkzeug: * Debugger is active!
INFO:werkzeug: * Debugger PIN: 941-865-772
INFO:werkzeug: * Detected change in '/home/daniel/Documents/CS/Projects/RaT/RaT2.0/server/app.py', reloading
INFO:werkzeug: * Restarting with stat
